<?xml version="1.0" encoding="UTF-8"?>
<!-- Generated by org.testng.reporters.JUnitReportReporter -->
<testsuite hostname="LAPTOP-O38A51JR" failures="0" tests="1" name="com.simplilearn.demo.TestUsingFirefox" time="57.478" errors="0" timestamp="2022-10-10T23:41:38 IST" skipped="0">
  <testcase classname="com.simplilearn.demo.TestUsingFirefox" name="Product" time="57.478"/>
  <system-out/>
</testsuite> <!-- com.simplilearn.demo.TestUsingFirefox -->
