<?xml version="1.0" encoding="UTF-8"?>
<!-- Generated by org.testng.reporters.JUnitReportReporter -->
<testsuite hostname="LAPTOP-O38A51JR" failures="0" tests="1" name="com.simplilearn.demo.SearchProduct" time="11.696" errors="0" timestamp="2022-10-10T23:41:38 IST" skipped="0">
  <testcase classname="com.simplilearn.demo.SearchProduct" name="Products" time="11.696"/>
  <system-out/>
</testsuite> <!-- com.simplilearn.demo.SearchProduct -->
